<?xml version="1.0" encoding="UTF-8"?>
<testsuite xmlns:xsi="http://www.w3.org/2001/XMLSchema-instance" xsi:noNamespaceSchemaLocation="https://maven.apache.org/surefire/maven-surefire-plugin/xsd/surefire-test-report-3.0.xsd" version="3.0" name="com.examplepostgres.talend.components.source.ExamplePostgresMapperTest" time="0.008" tests="1" errors="0" skipped="1" failures="0">
  <properties>
    <property name="gopherProxySet" value="false"/>
    <property name="awt.toolkit" value="sun.lwawt.macosx.LWCToolkit"/>
    <property name="java.specification.version" value="11"/>
    <property name="sun.cpu.isalist" value=""/>
    <property name="sun.jnu.encoding" value="UTF-8"/>
    <property name="java.class.path" value="/Users/tbennett/VSCode/example-component/target/test-classes:/Users/tbennett/VSCode/example-component/target/classes:/Users/tbennett/.m2/repository/org/talend/sdk/component/component-api/1.1.25/component-api-1.1.25.jar:/Users/tbennett/.m2/repository/org/apache/geronimo/specs/geronimo-annotation_1.3_spec/1.2/geronimo-annotation_1.3_spec-1.2.jar:/Users/tbennett/.m2/repository/org/apache/geronimo/specs/geronimo-json_1.1_spec/1.3/geronimo-json_1.1_spec-1.3.jar:/Users/tbennett/.m2/repository/org/apache/geronimo/specs/geronimo-jsonb_1.0_spec/1.2/geronimo-jsonb_1.0_spec-1.2.jar:/Users/tbennett/.m2/repository/junit/junit/4.12/junit-4.12.jar:/Users/tbennett/.m2/repository/org/hamcrest/hamcrest-core/1.3/hamcrest-core-1.3.jar:/Users/tbennett/.m2/repository/org/talend/sdk/component/component-runtime-junit/1.1.25/component-runtime-junit-1.1.25.jar:/Users/tbennett/.m2/repository/org/talend/sdk/component/component-runtime-junit-base/1.1.25/component-runtime-junit-base-1.1.25.jar:/Users/tbennett/.m2/repository/org/talend/sdk/component/component-runtime-manager/1.1.25/component-runtime-manager-1.1.25.jar:/Users/tbennett/.m2/repository/org/talend/sdk/component/component-spi/1.1.25/component-spi-1.1.25.jar:/Users/tbennett/.m2/repository/org/talend/sdk/component/component-runtime-impl/1.1.25/component-runtime-impl-1.1.25.jar:/Users/tbennett/.m2/repository/org/apache/johnzon/johnzon-jsonb/1.2.7/johnzon-jsonb-1.2.7.jar:/Users/tbennett/.m2/repository/org/apache/johnzon/johnzon-mapper/1.2.7/johnzon-mapper-1.2.7.jar:/Users/tbennett/.m2/repository/org/talend/sdk/component/container-core/1.1.25/container-core-1.1.25.jar:/Users/tbennett/.m2/repository/org/slf4j/slf4j-api/1.7.28/slf4j-api-1.7.28.jar:/Users/tbennett/.m2/repository/org/apache/xbean/xbean-finder-shaded/4.16/xbean-finder-shaded-4.16.jar:/Users/tbennett/.m2/repository/org/apache/xbean/xbean-reflect/4.16/xbean-reflect-4.16.jar:/Users/tbennett/.m2/repository/org/apache/xbean/xbean-asm7-shaded/4.16/xbean-asm7-shaded-4.16.jar:/Users/tbennett/.m2/repository/org/apache/johnzon/johnzon-core/1.2.7/johnzon-core-1.2.7.jar:/Users/tbennett/.m2/repository/org/apache/tomee/ziplock/8.0.1/ziplock-8.0.1.jar:/Users/tbennett/.m2/repository/org/postgresql/postgresql/42.2.2/postgresql-42.2.2.jar:"/>
    <property name="java.vm.vendor" value="Oracle Corporation"/>
    <property name="sun.arch.data.model" value="64"/>
    <property name="java.vendor.url" value="https://openjdk.java.net/"/>
    <property name="user.timezone" value=""/>
    <property name="java.vm.specification.version" value="11"/>
    <property name="os.name" value="Mac OS X"/>
    <property name="sun.java.launcher" value="SUN_STANDARD"/>
    <property name="user.country" value="US"/>
    <property name="sun.boot.library.path" value="/Library/Java/JavaVirtualMachines/jdk-11.0.8.jdk/Contents/Home/lib"/>
    <property name="sun.java.command" value="/Users/tbennett/VSCode/example-component/target/surefire/surefirebooter17802296530722876480.jar /Users/tbennett/VSCode/example-component/target/surefire 2020-10-22T10-22-58_868-jvmRun1 surefire12480554098824342761tmp surefire_03111129538537248519tmp"/>
    <property name="jdk.debug" value="release"/>
    <property name="surefire.test.class.path" value="/Users/tbennett/VSCode/example-component/target/test-classes:/Users/tbennett/VSCode/example-component/target/classes:/Users/tbennett/.m2/repository/org/talend/sdk/component/component-api/1.1.25/component-api-1.1.25.jar:/Users/tbennett/.m2/repository/org/apache/geronimo/specs/geronimo-annotation_1.3_spec/1.2/geronimo-annotation_1.3_spec-1.2.jar:/Users/tbennett/.m2/repository/org/apache/geronimo/specs/geronimo-json_1.1_spec/1.3/geronimo-json_1.1_spec-1.3.jar:/Users/tbennett/.m2/repository/org/apache/geronimo/specs/geronimo-jsonb_1.0_spec/1.2/geronimo-jsonb_1.0_spec-1.2.jar:/Users/tbennett/.m2/repository/junit/junit/4.12/junit-4.12.jar:/Users/tbennett/.m2/repository/org/hamcrest/hamcrest-core/1.3/hamcrest-core-1.3.jar:/Users/tbennett/.m2/repository/org/talend/sdk/component/component-runtime-junit/1.1.25/component-runtime-junit-1.1.25.jar:/Users/tbennett/.m2/repository/org/talend/sdk/component/component-runtime-junit-base/1.1.25/component-runtime-junit-base-1.1.25.jar:/Users/tbennett/.m2/repository/org/talend/sdk/component/component-runtime-manager/1.1.25/component-runtime-manager-1.1.25.jar:/Users/tbennett/.m2/repository/org/talend/sdk/component/component-spi/1.1.25/component-spi-1.1.25.jar:/Users/tbennett/.m2/repository/org/talend/sdk/component/component-runtime-impl/1.1.25/component-runtime-impl-1.1.25.jar:/Users/tbennett/.m2/repository/org/apache/johnzon/johnzon-jsonb/1.2.7/johnzon-jsonb-1.2.7.jar:/Users/tbennett/.m2/repository/org/apache/johnzon/johnzon-mapper/1.2.7/johnzon-mapper-1.2.7.jar:/Users/tbennett/.m2/repository/org/talend/sdk/component/container-core/1.1.25/container-core-1.1.25.jar:/Users/tbennett/.m2/repository/org/slf4j/slf4j-api/1.7.28/slf4j-api-1.7.28.jar:/Users/tbennett/.m2/repository/org/apache/xbean/xbean-finder-shaded/4.16/xbean-finder-shaded-4.16.jar:/Users/tbennett/.m2/repository/org/apache/xbean/xbean-reflect/4.16/xbean-reflect-4.16.jar:/Users/tbennett/.m2/repository/org/apache/xbean/xbean-asm7-shaded/4.16/xbean-asm7-shaded-4.16.jar:/Users/tbennett/.m2/repository/org/apache/johnzon/johnzon-core/1.2.7/johnzon-core-1.2.7.jar:/Users/tbennett/.m2/repository/org/apache/tomee/ziplock/8.0.1/ziplock-8.0.1.jar:/Users/tbennett/.m2/repository/org/postgresql/postgresql/42.2.2/postgresql-42.2.2.jar:"/>
    <property name="sun.cpu.endian" value="little"/>
    <property name="user.home" value="/Users/tbennett"/>
    <property name="user.language" value="en"/>
    <property name="java.specification.vendor" value="Oracle Corporation"/>
    <property name="java.version.date" value="2020-07-14"/>
    <property name="java.home" value="/Library/Java/JavaVirtualMachines/jdk-11.0.8.jdk/Contents/Home"/>
    <property name="file.separator" value="/"/>
    <property name="basedir" value="/Users/tbennett/VSCode/example-component"/>
    <property name="java.vm.compressedOopsMode" value="Zero based"/>
    <property name="line.separator" value="&#10;"/>
    <property name="java.specification.name" value="Java Platform API Specification"/>
    <property name="java.vm.specification.vendor" value="Oracle Corporation"/>
    <property name="java.awt.graphicsenv" value="sun.awt.CGraphicsEnvironment"/>
    <property name="surefire.real.class.path" value="/Users/tbennett/VSCode/example-component/target/surefire/surefirebooter17802296530722876480.jar"/>
    <property name="sun.management.compiler" value="HotSpot 64-Bit Tiered Compilers"/>
    <property name="java.runtime.version" value="11.0.8+10-LTS"/>
    <property name="user.name" value="tbennett"/>
    <property name="path.separator" value=":"/>
    <property name="os.version" value="10.15.7"/>
    <property name="java.runtime.name" value="Java(TM) SE Runtime Environment"/>
    <property name="file.encoding" value="UTF-8"/>
    <property name="java.vm.name" value="Java HotSpot(TM) 64-Bit Server VM"/>
    <property name="java.vendor.version" value="18.9"/>
    <property name="localRepository" value="/Users/tbennett/.m2/repository"/>
    <property name="java.vendor.url.bug" value="https://bugreport.java.com/bugreport/"/>
    <property name="java.io.tmpdir" value="/var/folders/nr/kl3v1p3j6vd381t5jht2rf300000gp/T/"/>
    <property name="java.version" value="11.0.8"/>
    <property name="user.dir" value="/Users/tbennett/VSCode/example-component"/>
    <property name="os.arch" value="x86_64"/>
    <property name="java.vm.specification.name" value="Java Virtual Machine Specification"/>
    <property name="java.awt.printerjob" value="sun.lwawt.macosx.CPrinterJob"/>
    <property name="sun.os.patch.level" value="unknown"/>
    <property name="java.library.path" value="/Users/tbennett/Library/Java/Extensions:/Library/Java/Extensions:/Network/Library/Java/Extensions:/System/Library/Java/Extensions:/usr/lib/java:."/>
    <property name="java.vendor" value="Oracle Corporation"/>
    <property name="java.vm.info" value="mixed mode"/>
    <property name="java.vm.version" value="11.0.8+10-LTS"/>
    <property name="sun.io.unicode.encoding" value="UnicodeBig"/>
    <property name="java.class.version" value="55.0"/>
  </properties>
  <testcase name="produce" classname="com.examplepostgres.talend.components.source.ExamplePostgresMapperTest" time="0">
    <skipped message="You need to complete this test"/>
  </testcase>
</testsuite>